<?xml version="1.0" encoding="UTF-8"?>
<!-- Generated by org.testng.reporters.JUnitReportReporter -->
<testsuite hostname="Win10-2-209" failures="0" tests="2" name="restassuredtestcases.GetRequestCucumberStyle" time="5.289" errors="0" timestamp="2022-01-20T12:55:12 IST" skipped="0">
  <testcase classname="restassuredtestcases.GetRequestCucumberStyle" name="testValidateGetUserlistData" time="1.617"/>
  <system-out/>
  <testcase classname="restassuredtestcases.GetRequestCucumberStyle" name="testGetUserList" time="3.672"/>
  <system-out/>
</testsuite> <!-- restassuredtestcases.GetRequestCucumberStyle -->
