<?xml version="1.0" encoding="UTF-8"?>
<!-- Generated by org.testng.reporters.JUnitReportReporter -->
<testsuite hostname="Win10-2-209" failures="0" tests="1" name="restassuredtestcases.PostRequest" time="4.433" errors="0" timestamp="2022-01-20T16:30:03 IST" skipped="0">
  <testcase classname="restassuredtestcases.PostRequest" name="testPostCreateUser" time="4.433"/>
  <system-out/>
</testsuite> <!-- restassuredtestcases.PostRequest -->
