<?xml version="1.0" encoding="UTF-8"?>
<!-- Generated by org.testng.reporters.JUnitReportReporter -->
<testsuite hostname="Win10-2-209" failures="0" tests="1" name="restassueredassignments.GetRequestList" time="6.396" errors="0" timestamp="2022-01-21T10:16:09 IST" skipped="0">
  <testcase classname="restassueredassignments.GetRequestList" name="testGetRequest" time="6.396"/>
  <system-out/>
</testsuite> <!-- restassueredassignments.GetRequestList -->
