<?xml version="1.0" encoding="UTF-8"?>
<!-- Generated by org.testng.reporters.JUnitReportReporter -->
<testsuite hostname="Win10-2-209" failures="0" tests="1" name="restassueredassignments.ExtractValuesFromRegisterSuccesfulResponse" time="16.381" errors="0" timestamp="2022-01-21T23:36:53 IST" skipped="0">
  <testcase classname="restassueredassignments.ExtractValuesFromRegisterSuccesfulResponse" name="test" time="16.381"/>
  <system-out/>
</testsuite> <!-- restassueredassignments.ExtractValuesFromRegisterSuccesfulResponse -->
