<?xml version="1.0" encoding="UTF-8"?>
<!-- Generated by org.testng.reporters.JUnitReportReporter -->
<testsuite hostname="Win10-2-209" failures="0" tests="2" name="restassuredtestcases.GetRequest" time="3.659" errors="0" timestamp="2022-01-19T17:50:52 IST" skipped="0">
  <testcase classname="restassuredtestcases.GetRequest" name="testGetUsersList" time="0.231"/>
  <system-out/>
  <testcase classname="restassuredtestcases.GetRequest" name="testGetUserDetails" time="3.428"/>
  <system-out/>
</testsuite> <!-- restassuredtestcases.GetRequest -->
