<?xml version="1.0" encoding="UTF-8"?>
<!-- Generated by org.testng.reporters.JUnitReportReporter -->
<testsuite hostname="Win10-2-209" failures="0" tests="1" name="restassueredassignments.PostRequestRegisterSuccessful" time="1.068" errors="0" timestamp="2022-01-21T12:46:39 IST" skipped="0">
  <testcase classname="restassueredassignments.PostRequestRegisterSuccessful" name="testPostRequestRegisterSuccessful" time="1.068"/>
  <system-out/>
</testsuite> <!-- restassueredassignments.PostRequestRegisterSuccessful -->
