<?xml version="1.0" encoding="UTF-8"?>
<!-- Generated by org.testng.reporters.JUnitReportReporter -->
<testsuite hostname="Win10-2-209" failures="0" tests="1" name="restassuredtestcases.PutRequest" time="4.496" errors="0" timestamp="2022-01-20T16:42:23 IST" skipped="0">
  <testcase classname="restassuredtestcases.PutRequest" name="testPostCreateUser" time="4.496"/>
  <system-out/>
</testsuite> <!-- restassuredtestcases.PutRequest -->
