<?xml version="1.0" encoding="UTF-8"?>
<!-- Generated by org.testng.reporters.JUnitReportReporter -->
<testsuite hostname="Win10-2-209" failures="0" tests="1" name="restassueredassignments.GetRequestSingle" time="5.486" errors="0" timestamp="2022-01-21T10:16:37 IST" skipped="0">
  <testcase classname="restassueredassignments.GetRequestSingle" name="testGetRequest" time="5.486"/>
  <system-out/>
</testsuite> <!-- restassueredassignments.GetRequestSingle -->
