<?xml version="1.0" encoding="UTF-8"?>
<!-- Generated by org.testng.reporters.JUnitReportReporter -->
<testsuite hostname="Win10-2-209" failures="0" tests="1" name="restassueredassignments.GetRequestListResources" time="4.248" errors="0" timestamp="2022-01-21T12:46:39 IST" skipped="0">
  <testcase classname="restassueredassignments.GetRequestListResources" name="testGetlistResources" time="4.248"/>
  <system-out/>
</testsuite> <!-- restassueredassignments.GetRequestListResources -->
